2022-05-25 10:06:43.448384 : Login process done in 0.0 seconds
2022-05-25 10:06:52.666071 : Get All Order process done in 0.0 seconds
2022-05-25 10:06:59.937251 : Get Product Order process done in 0.00409698486328125 seconds
2022-05-25 10:35:34.950909 : Login process done in 0.0010428428649902344 seconds
Exception calling application: 'google.protobuf.pyext._message.RepeatedCompositeContainer' object has no attribute 'order_no'
Traceback (most recent call last):
  File "C:\projects\project_1\venv\lib\site-packages\grpc\_server.py", line 443, in _call_behavior
    response_or_iterator = behavior(argument, context)
  File "myapp_server.py", line 49, in GetAllOrder
    response.order.order_no = "abc123"
AttributeError: 'google.protobuf.pyext._message.RepeatedCompositeContainer' object has no attribute 'order_no'
2022-05-25 10:36:47.937515 : Get Product Order process done in 0.0 seconds
2022-05-25 10:45:47.781991 : Get All Order process done in 0.0 seconds
2022-05-25 13:47:27.773953 : Login process done in 0.0 seconds
2022-05-25 13:47:30.215604 : Get All Order process done in 0.0011501312255859375 seconds
2022-05-25 13:47:32.644423 : Get Product Order process done in 0.0 seconds
2022-05-25 13:48:52.154216 : Login process done in 0.016795635223388672 seconds

2022-05-25 13:48:54.069197 : Get All Order process done in 0.0 seconds

2022-05-25 13:48:56.066951 : Get Product Order process done in 0.0 seconds

2022-05-25 13:51:10.348556 : Login process done in 0.0 seconds

